Lmod Warning:
-------------------------------------------------------------------------------
The following dependent module(s) are not currently loaded:
Eigen/3.3.9-GCCcore-10.2.0 (required by: R/4.2.0-foss-2020b)
-------------------------------------------------------------------------------




The following have been reloaded with a version change:
  1) Eigen/3.3.9-GCCcore-10.2.0 => Eigen/3.3.8-GCCcore-10.2.0

Loading required package: StanHeaders
Loading required package: ggplot2
rstan (Version 2.21.5, GitRev: 2e1f913d3ca3)
For execution on a local, multicore CPU with excess RAM we recommend calling
options(mc.cores = parallel::detectCores()).
To avoid recompilation of unchanged Stan programs, we recommend calling
rstan_options(auto_write = TRUE)
This is loo version 2.5.1
- Online documentation and vignettes at mc-stan.org/loo
- As of v2.0.0 loo defaults to 1 core but we recommend using as many as possible. Use the 'cores' argument or set options(mc.cores = NUM_CORES) for an entire session. 

Attaching package: ‘loo’

The following object is masked from ‘package:rstan’:

    loo

Fitting model: 1-RDM-SVD-H 
Task:        RDM (risky decision-making) 
Model type:  SVD (gamma) 
Stan file:   RDM-SVD-H.stan 
Data file:   1-RDM.json 
Data loaded: 33000 trials, 302 subjects

SAMPLING FOR MODEL 'RDM-SVD-H' NOW (CHAIN 1).

SAMPLING FOR MODEL 'RDM-SVD-H' NOW (CHAIN 3).

SAMPLING FOR MODEL 'RDM-SVD-H' NOW (CHAIN 2).

SAMPLING FOR MODEL 'RDM-SVD-H' NOW (CHAIN 4).
Chain 3: 
Chain 3: Gradient evaluation took 0.009264 seconds
Chain 3: 1000 transitions using 10 leapfrog steps per transition would take 92.64 seconds.
Chain 3: Adjust your expectations accordingly!
Chain 3: 
Chain 3: 
Chain 2: 
Chain 2: Gradient evaluation took 0.009551 seconds
Chain 2: 1000 transitions using 10 leapfrog steps per transition would take 95.51 seconds.
Chain 2: Adjust your expectations accordingly!
Chain 2: 
Chain 2: 
Chain 1: Rejecting initial value:
Chain 1:   Error evaluating the log probability at the initial value.
Chain 1: Exception: bernoulli_logit_lpmf: Logit transformed probability parameter is -nan, but must not be nan!  (in 'model3716ce7e16456e_RDM_SVD_H' at line 41)

Chain 4: 
Chain 4: Gradient evaluation took 0.009597 seconds
Chain 4: 1000 transitions using 10 leapfrog steps per transition would take 95.97 seconds.
Chain 4: Adjust your expectations accordingly!
Chain 4: 
Chain 4: 
Chain 1: 
Chain 1: Gradient evaluation took 0.009838 seconds
Chain 1: 1000 transitions using 10 leapfrog steps per transition would take 98.38 seconds.
Chain 1: Adjust your expectations accordingly!
Chain 1: 
Chain 1: 
Chain 1: Iteration:     1 / 11000 [  0%]  (Warmup)
Chain 2: Iteration:     1 / 11000 [  0%]  (Warmup)
Chain 3: Iteration:     1 / 11000 [  0%]  (Warmup)
Chain 4: Iteration:     1 / 11000 [  0%]  (Warmup)
Chain 2: Iteration:  1001 / 11000 [  9%]  (Sampling)
Chain 4: Iteration:  1001 / 11000 [  9%]  (Sampling)
Chain 1: Iteration:  1001 / 11000 [  9%]  (Sampling)
Chain 3: Iteration:  1001 / 11000 [  9%]  (Sampling)
Chain 2: Iteration:  2100 / 11000 [ 19%]  (Sampling)
Chain 4: Iteration:  2100 / 11000 [ 19%]  (Sampling)
Chain 2: Iteration:  3200 / 11000 [ 29%]  (Sampling)
Chain 1: Iteration:  2100 / 11000 [ 19%]  (Sampling)
Chain 4: Iteration:  3200 / 11000 [ 29%]  (Sampling)
Chain 3: Iteration:  2100 / 11000 [ 19%]  (Sampling)
Chain 2: Iteration:  4300 / 11000 [ 39%]  (Sampling)
Chain 4: Iteration:  4300 / 11000 [ 39%]  (Sampling)
Chain 2: Iteration:  5400 / 11000 [ 49%]  (Sampling)
Chain 1: Iteration:  3200 / 11000 [ 29%]  (Sampling)
Chain 3: Iteration:  3200 / 11000 [ 29%]  (Sampling)
Chain 4: Iteration:  5400 / 11000 [ 49%]  (Sampling)
Chain 2: Iteration:  6500 / 11000 [ 59%]  (Sampling)
Chain 2: Iteration:  7600 / 11000 [ 69%]  (Sampling)
Chain 1: Iteration:  4300 / 11000 [ 39%]  (Sampling)
Chain 4: Iteration:  6500 / 11000 [ 59%]  (Sampling)
Chain 3: Iteration:  4300 / 11000 [ 39%]  (Sampling)
Chain 2: Iteration:  8700 / 11000 [ 79%]  (Sampling)
Chain 4: Iteration:  7600 / 11000 [ 69%]  (Sampling)
Chain 1: Iteration:  5400 / 11000 [ 49%]  (Sampling)
Chain 2: Iteration:  9800 / 11000 [ 89%]  (Sampling)
Chain 4: Iteration:  8700 / 11000 [ 79%]  (Sampling)
Chain 3: Iteration:  5400 / 11000 [ 49%]  (Sampling)
Chain 2: Iteration: 10900 / 11000 [ 99%]  (Sampling)
Chain 2: Iteration: 11000 / 11000 [100%]  (Sampling)
Chain 2: 
Chain 2:  Elapsed Time: 1197.59 seconds (Warm-up)
Chain 2:                5031.02 seconds (Sampling)
Chain 2:                6228.61 seconds (Total)
Chain 2: 
Chain 4: Iteration:  9800 / 11000 [ 89%]  (Sampling)
Chain 1: Iteration:  6500 / 11000 [ 59%]  (Sampling)
Chain 3: Iteration:  6500 / 11000 [ 59%]  (Sampling)
Chain 4: Iteration: 10900 / 11000 [ 99%]  (Sampling)
Chain 4: Iteration: 11000 / 11000 [100%]  (Sampling)
Chain 4: 
Chain 4:  Elapsed Time: 1271.18 seconds (Warm-up)
Chain 4:                6018.72 seconds (Sampling)
Chain 4:                7289.9 seconds (Total)
Chain 4: 
Chain 1: Iteration:  7600 / 11000 [ 69%]  (Sampling)
Chain 3: Iteration:  7600 / 11000 [ 69%]  (Sampling)
Chain 1: Iteration:  8700 / 11000 [ 79%]  (Sampling)
Chain 3: Iteration:  8700 / 11000 [ 79%]  (Sampling)
Chain 1: Iteration:  9800 / 11000 [ 89%]  (Sampling)
Chain 3: Iteration:  9800 / 11000 [ 89%]  (Sampling)
Chain 1: Iteration: 10900 / 11000 [ 99%]  (Sampling)
Chain 1: Iteration: 11000 / 11000 [100%]  (Sampling)
Chain 1: 
Chain 1:  Elapsed Time: 1485.09 seconds (Warm-up)
Chain 1:                9198.16 seconds (Sampling)
Chain 1:                10683.3 seconds (Total)
Chain 1: 
Chain 3: Iteration: 10900 / 11000 [ 99%]  (Sampling)
Chain 3: Iteration: 11000 / 11000 [100%]  (Sampling)
Chain 3: 
Chain 3:  Elapsed Time: 1598.99 seconds (Warm-up)
Chain 3:                9737.65 seconds (Sampling)
Chain 3:                11336.6 seconds (Total)
Chain 3: 
Warning messages:
1: There were 104 divergent transitions after warmup. See
https://mc-stan.org/misc/warnings.html#divergent-transitions-after-warmup
to find out why this is a problem and how to eliminate them. 
2: Examine the pairs() plot to diagnose sampling problems
 
Inference for Stan model: RDM-SVD-H.
4 chains, each with iter=11000; warmup=1000; thin=1; 
post-warmup draws per chain=10000, total post-warmup draws=40000.

    mean se_mean   sd  2.5%   25%   50%   75% 97.5% n_eff Rhat
am -0.33       0 0.02 -0.38 -0.35 -0.33 -0.32 -0.28   854    1
gm -0.07       0 0.08 -0.22 -0.12 -0.07 -0.01  0.09  1922    1
as  0.43       0 0.02  0.39  0.41  0.43  0.44  0.46  2411    1
gs  1.34       0 0.06  1.23  1.30  1.34  1.38  1.47  4772    1

Samples were drawn using NUTS(diag_e) at Fri Feb 27 16:23:53 2026.
For each parameter, n_eff is a crude measure of effective sample size,
and Rhat is the potential scale reduction factor on split chains (at 
convergence, Rhat=1).
Summary saved.
             used    (Mb) gc trigger    (Mb)    max used    (Mb)
Ncells    1948300   104.1    4230032   226.0     4230032   226.0
Vcells 2668422774 20358.5 8472626375 64641.1 11595778596 88468.8
Fit object freed from memory.
Warning message:
Some Pareto k diagnostic values are too high. See help('pareto-k-diagnostic') for details.
 
Warning message:

298 (0.9%) p_waic estimates greater than 0.4. We recommend trying loo instead. 

Computed from 40000 by 33000 log-likelihood matrix

         Estimate    SE
elpd_loo -11745.2 110.3
p_loo       716.3  23.1
looic     23490.4 220.5
------
Monte Carlo SE of elpd_loo is NA.

Pareto k diagnostic values:
                         Count Pct.    Min. n_eff
(-Inf, 0.5]   (good)     32010 97.0%   2996      
 (0.5, 0.7]   (ok)         371  1.1%   230       
   (0.7, 1]   (bad)        218  0.7%   41        
   (1, Inf)   (very bad)   401  1.2%   6         
See help('pareto-k-diagnostic') for details.

Computed from 40000 by 33000 log-likelihood matrix

          Estimate    SE
elpd_waic -11722.5 109.1
p_waic       693.6  20.8
waic       23445.0 218.2

298 (0.9%) p_waic estimates greater than 0.4. We recommend trying loo instead. 
LOO and WAIC saved.
             used    (Mb)  gc trigger    (Mb)    max used     (Mb)
Ncells    1920949   102.6     4230032   226.0     4230032    226.0
Vcells 1348303737 10286.8 11639139914 88799.6 14548924892 110999.5
y_pred saved.
           used  (Mb) gc trigger    (Mb)    max used     (Mb)
Ncells  1920939 102.6    4230032   226.0     4230032    226.0
Vcells 28303727 216.0 9311311932 71039.7 14548924892 110999.5
Posterior saved.
=== Done: 1-RDM-SVD-H ===
