Lmod Warning:
-------------------------------------------------------------------------------
The following dependent module(s) are not currently loaded:
Eigen/3.3.9-GCCcore-10.2.0 (required by: R/4.2.0-foss-2020b)
-------------------------------------------------------------------------------




The following have been reloaded with a version change:
  1) Eigen/3.3.9-GCCcore-10.2.0 => Eigen/3.3.8-GCCcore-10.2.0

Loading required package: StanHeaders
Loading required package: ggplot2
rstan (Version 2.21.5, GitRev: 2e1f913d3ca3)
For execution on a local, multicore CPU with excess RAM we recommend calling
options(mc.cores = parallel::detectCores()).
To avoid recompilation of unchanged Stan programs, we recommend calling
rstan_options(auto_write = TRUE)
This is loo version 2.5.1
- Online documentation and vignettes at mc-stan.org/loo
- As of v2.0.0 loo defaults to 1 core but we recommend using as many as possible. Use the 'cores' argument or set options(mc.cores = NUM_CORES) for an entire session. 

Attaching package: ‘loo’

The following object is masked from ‘package:rstan’:

    loo

Fitting model: 3-RDM-SVD-H 
Task:        RDM (risky decision-making) 
Model type:  SVD (gamma) 
Stan file:   RDM-SVD-H-3.stan 
Data file:   3-RDM.json 
Data loaded: 10240 trials, 128 subjects

SAMPLING FOR MODEL 'RDM-SVD-H-3' NOW (CHAIN 1).

SAMPLING FOR MODEL 'RDM-SVD-H-3' NOW (CHAIN 2).

SAMPLING FOR MODEL 'RDM-SVD-H-3' NOW (CHAIN 3).

SAMPLING FOR MODEL 'RDM-SVD-H-3' NOW (CHAIN 4).
Chain 1: Rejecting initial value:
Chain 1:   Error evaluating the log probability at the initial value.
Chain 1: Exception: bernoulli_logit_lpmf: Logit transformed probability parameter is -nan, but must not be nan!  (in 'model8337f709dc8bf_RDM_SVD_H_3' at line 50)

Chain 1: Rejecting initial value:
Chain 1:   Error evaluating the log probability at the initial value.
Chain 1: Exception: bernoulli_logit_lpmf: Logit transformed probability parameter is -nan, but must not be nan!  (in 'model8337f709dc8bf_RDM_SVD_H_3' at line 50)

Chain 1: Rejecting initial value:
Chain 1:   Gradient evaluated at the initial value is not finite.
Chain 1:   Stan can't start sampling from this initial value.
Chain 1: Rejecting initial value:
Chain 1:   Error evaluating the log probability at the initial value.
Chain 1: Exception: bernoulli_logit_lpmf: Logit transformed probability parameter is -nan, but must not be nan!  (in 'model8337f709dc8bf_RDM_SVD_H_3' at line 50)

Chain 1: 
Chain 1: Gradient evaluation took 0.002637 seconds
Chain 1: 1000 transitions using 10 leapfrog steps per transition would take 26.37 seconds.
Chain 1: Adjust your expectations accordingly!
Chain 1: 
Chain 1: 
Chain 2: Rejecting initial value:
Chain 2:   Error evaluating the log probability at the initial value.
Chain 2: Exception: bernoulli_logit_lpmf: Logit transformed probability parameter is -nan, but must not be nan!  (in 'model8337f709dc8bf_RDM_SVD_H_3' at line 50)

Chain 2: 
Chain 2: Gradient evaluation took 0.003559 seconds
Chain 2: 1000 transitions using 10 leapfrog steps per transition would take 35.59 seconds.
Chain 2: Adjust your expectations accordingly!
Chain 2: 
Chain 2: 
Chain 4: Rejecting initial value:
Chain 4:   Error evaluating the log probability at the initial value.
Chain 4: Exception: bernoulli_logit_lpmf: Logit transformed probability parameter is -nan, but must not be nan!  (in 'model8337f709dc8bf_RDM_SVD_H_3' at line 50)

Chain 4: 
Chain 4: Gradient evaluation took 0.003424 seconds
Chain 4: 1000 transitions using 10 leapfrog steps per transition would take 34.24 seconds.
Chain 4: Adjust your expectations accordingly!
Chain 4: 
Chain 4: 
Chain 3: 
Chain 3: Gradient evaluation took 0.003422 seconds
Chain 3: 1000 transitions using 10 leapfrog steps per transition would take 34.22 seconds.
Chain 3: Adjust your expectations accordingly!
Chain 3: 
Chain 3: 
Chain 1: Iteration:     1 / 11000 [  0%]  (Warmup)
Chain 2: Iteration:     1 / 11000 [  0%]  (Warmup)
Chain 3: Iteration:     1 / 11000 [  0%]  (Warmup)
Chain 4: Iteration:     1 / 11000 [  0%]  (Warmup)
Chain 3: Iteration:  1001 / 11000 [  9%]  (Sampling)
Chain 2: Iteration:  1001 / 11000 [  9%]  (Sampling)
Chain 1: Iteration:  1001 / 11000 [  9%]  (Sampling)
Chain 2: Iteration:  2100 / 11000 [ 19%]  (Sampling)
Chain 1: Iteration:  2100 / 11000 [ 19%]  (Sampling)
Chain 3: Iteration:  2100 / 11000 [ 19%]  (Sampling)
Chain 2: Iteration:  3200 / 11000 [ 29%]  (Sampling)
Chain 1: Iteration:  3200 / 11000 [ 29%]  (Sampling)
Chain 3: Iteration:  3200 / 11000 [ 29%]  (Sampling)
Chain 4: Iteration:  1001 / 11000 [  9%]  (Sampling)
Chain 2: Iteration:  4300 / 11000 [ 39%]  (Sampling)
Chain 1: Iteration:  4300 / 11000 [ 39%]  (Sampling)
Chain 4: Iteration:  2100 / 11000 [ 19%]  (Sampling)
Chain 3: Iteration:  4300 / 11000 [ 39%]  (Sampling)
Chain 2: Iteration:  5400 / 11000 [ 49%]  (Sampling)
Chain 1: Iteration:  5400 / 11000 [ 49%]  (Sampling)
Chain 4: Iteration:  3200 / 11000 [ 29%]  (Sampling)
Chain 3: Iteration:  5400 / 11000 [ 49%]  (Sampling)
Chain 2: Iteration:  6500 / 11000 [ 59%]  (Sampling)
Chain 1: Iteration:  6500 / 11000 [ 59%]  (Sampling)
Chain 4: Iteration:  4300 / 11000 [ 39%]  (Sampling)
Chain 3: Iteration:  6500 / 11000 [ 59%]  (Sampling)
Chain 2: Iteration:  7600 / 11000 [ 69%]  (Sampling)
Chain 1: Iteration:  7600 / 11000 [ 69%]  (Sampling)
Chain 4: Iteration:  5400 / 11000 [ 49%]  (Sampling)
Chain 2: Iteration:  8700 / 11000 [ 79%]  (Sampling)
Chain 3: Iteration:  7600 / 11000 [ 69%]  (Sampling)
Chain 1: Iteration:  8700 / 11000 [ 79%]  (Sampling)
Chain 4: Iteration:  6500 / 11000 [ 59%]  (Sampling)
Chain 2: Iteration:  9800 / 11000 [ 89%]  (Sampling)
Chain 1: Iteration:  9800 / 11000 [ 89%]  (Sampling)
Chain 3: Iteration:  8700 / 11000 [ 79%]  (Sampling)
Chain 4: Iteration:  7600 / 11000 [ 69%]  (Sampling)
Chain 2: Iteration: 10900 / 11000 [ 99%]  (Sampling)
Chain 2: Iteration: 11000 / 11000 [100%]  (Sampling)
Chain 2: 
Chain 2:  Elapsed Time: 316.793 seconds (Warm-up)
Chain 2:                1674.75 seconds (Sampling)
Chain 2:                1991.55 seconds (Total)
Chain 2: 
Chain 1: Iteration: 10900 / 11000 [ 99%]  (Sampling)
Chain 4: Iteration:  8700 / 11000 [ 79%]  (Sampling)
Chain 1: Iteration: 11000 / 11000 [100%]  (Sampling)
Chain 1: 
Chain 1:  Elapsed Time: 320.939 seconds (Warm-up)
Chain 1:                1706.83 seconds (Sampling)
Chain 1:                2027.76 seconds (Total)
Chain 1: 
Chain 3: Iteration:  9800 / 11000 [ 89%]  (Sampling)
Chain 4: Iteration:  9800 / 11000 [ 89%]  (Sampling)
Chain 3: Iteration: 10900 / 11000 [ 99%]  (Sampling)
Chain 3: Iteration: 11000 / 11000 [100%]  (Sampling)
Chain 3: 
Chain 3:  Elapsed Time: 315.434 seconds (Warm-up)
Chain 3:                1958.94 seconds (Sampling)
Chain 3:                2274.38 seconds (Total)
Chain 3: 
Chain 4: Iteration: 10900 / 11000 [ 99%]  (Sampling)
Chain 4: Iteration: 11000 / 11000 [100%]  (Sampling)
Chain 4: 
Chain 4:  Elapsed Time: 758.726 seconds (Warm-up)
Chain 4:                1633.15 seconds (Sampling)
Chain 4:                2391.88 seconds (Total)
Chain 4: 
Inference for Stan model: RDM-SVD-H-3.
4 chains, each with iter=11000; warmup=1000; thin=1; 
post-warmup draws per chain=10000, total post-warmup draws=40000.

    mean se_mean   sd  2.5%   25%   50%   75% 97.5% n_eff Rhat
am -0.72       0 0.04 -0.81 -0.75 -0.72 -0.69 -0.63  1936    1
gm  0.86       0 0.08  0.70  0.80  0.86  0.92  1.03  4457    1
as  0.47       0 0.04  0.41  0.45  0.47  0.49  0.55  5059    1
gs  0.89       0 0.07  0.76  0.84  0.89  0.94  1.04  8522    1

Samples were drawn using NUTS(diag_e) at Wed Mar  4 11:48:37 2026.
For each parameter, n_eff is a crude measure of effective sample size,
and Rhat is the potential scale reduction factor on split chains (at 
convergence, Rhat=1).
Summary saved.
            used   (Mb) gc trigger    (Mb)   max used    (Mb)
Ncells   1856950   99.2    4252195   227.1    4252195   227.1
Vcells 833507040 6359.2 2682995050 20469.7 4192172810 31983.8
Fit object freed from memory.
Warning message:
Some Pareto k diagnostic values are too high. See help('pareto-k-diagnostic') for details.
 
Warning message:

162 (1.6%) p_waic estimates greater than 0.4. We recommend trying loo instead. 

Computed from 40000 by 10240 log-likelihood matrix

         Estimate    SE
elpd_loo  -3204.8  63.0
p_loo       357.0  18.1
looic      6409.7 125.9
------
Monte Carlo SE of elpd_loo is NA.

Pareto k diagnostic values:
                         Count Pct.    Min. n_eff
(-Inf, 0.5]   (good)     9851  96.2%   3811      
 (0.5, 0.7]   (ok)        150   1.5%   326       
   (0.7, 1]   (bad)        80   0.8%   17        
   (1, Inf)   (very bad)  159   1.6%   9         
See help('pareto-k-diagnostic') for details.

Computed from 40000 by 10240 log-likelihood matrix

          Estimate    SE
elpd_waic  -3186.3  61.6
p_waic       338.5  16.1
waic        6372.7 123.2

162 (1.6%) p_waic estimates greater than 0.4. We recommend trying loo instead. 
LOO and WAIC saved.
            used (Mb) gc trigger    (Mb)   max used    (Mb)
Ncells   1852367   99    4252195   227.1    4252195   227.1
Vcells 423879075 3234 3047274749 23248.9 4761366794 36326.4
y_pred saved.
           used (Mb) gc trigger    (Mb)   max used    (Mb)
Ncells  1852357   99    4252195   227.1    4252195   227.1
Vcells 14279065  109 2437819800 18599.1 4761366794 36326.4
Posterior saved.
=== Done: 3-RDM-SVD-H ===
