Lmod Warning:
-------------------------------------------------------------------------------
The following dependent module(s) are not currently loaded:
Eigen/3.3.9-GCCcore-10.2.0 (required by: R/4.2.0-foss-2020b)
-------------------------------------------------------------------------------




The following have been reloaded with a version change:
  1) Eigen/3.3.9-GCCcore-10.2.0 => Eigen/3.3.8-GCCcore-10.2.0

Loading required package: StanHeaders
Loading required package: ggplot2
rstan (Version 2.21.5, GitRev: 2e1f913d3ca3)
For execution on a local, multicore CPU with excess RAM we recommend calling
options(mc.cores = parallel::detectCores()).
To avoid recompilation of unchanged Stan programs, we recommend calling
rstan_options(auto_write = TRUE)
This is loo version 2.5.1
- Online documentation and vignettes at mc-stan.org/loo
- As of v2.0.0 loo defaults to 1 core but we recommend using as many as possible. Use the 'cores' argument or set options(mc.cores = NUM_CORES) for an entire session. 

Attaching package: ‘loo’

The following object is masked from ‘package:rstan’:

    loo

Fitting model: 3-DD-SVR-H 
Task:        DD (delay discounting) 
Model type:  SVR (mu) 
Stan file:   DD-SVR-H.stan 
Data file:   3-DD.json 
Data loaded: 12288 trials, 128 subjects

SAMPLING FOR MODEL 'DD-SVR-H' NOW (CHAIN 1).

SAMPLING FOR MODEL 'DD-SVR-H' NOW (CHAIN 2).

SAMPLING FOR MODEL 'DD-SVR-H' NOW (CHAIN 3).

SAMPLING FOR MODEL 'DD-SVR-H' NOW (CHAIN 4).
Chain 4: 
Chain 4: Gradient evaluation took 0.008046 seconds
Chain 4: 1000 transitions using 10 leapfrog steps per transition would take 80.46 seconds.
Chain 4: Adjust your expectations accordingly!
Chain 4: 
Chain 4: 
Chain 2: 
Chain 2: Gradient evaluation took 0.008094 seconds
Chain 2: 1000 transitions using 10 leapfrog steps per transition would take 80.94 seconds.
Chain 2: Adjust your expectations accordingly!
Chain 2: 
Chain 2: 
Chain 3: 
Chain 3: Gradient evaluation took 0.00833 seconds
Chain 3: 1000 transitions using 10 leapfrog steps per transition would take 83.3 seconds.
Chain 3: Adjust your expectations accordingly!
Chain 3: 
Chain 3: 
Chain 1: 
Chain 1: Gradient evaluation took 0.008221 seconds
Chain 1: 1000 transitions using 10 leapfrog steps per transition would take 82.21 seconds.
Chain 1: Adjust your expectations accordingly!
Chain 1: 
Chain 1: 
Chain 3: Iteration:     1 / 11000 [  0%]  (Warmup)
Chain 4: Iteration:     1 / 11000 [  0%]  (Warmup)
Chain 2: Iteration:     1 / 11000 [  0%]  (Warmup)
Chain 1: Iteration:     1 / 11000 [  0%]  (Warmup)
Chain 3: Iteration:  1001 / 11000 [  9%]  (Sampling)
Chain 4: Iteration:  1001 / 11000 [  9%]  (Sampling)
Chain 1: Iteration:  1001 / 11000 [  9%]  (Sampling)
Chain 2: Iteration:  1001 / 11000 [  9%]  (Sampling)
Chain 1: Iteration:  2100 / 11000 [ 19%]  (Sampling)
Chain 3: Iteration:  2100 / 11000 [ 19%]  (Sampling)
Chain 4: Iteration:  2100 / 11000 [ 19%]  (Sampling)
Chain 2: Iteration:  2100 / 11000 [ 19%]  (Sampling)
Chain 1: Iteration:  3200 / 11000 [ 29%]  (Sampling)
Chain 4: Iteration:  3200 / 11000 [ 29%]  (Sampling)
Chain 3: Iteration:  3200 / 11000 [ 29%]  (Sampling)
Chain 2: Iteration:  3200 / 11000 [ 29%]  (Sampling)
Chain 1: Iteration:  4300 / 11000 [ 39%]  (Sampling)
Chain 4: Iteration:  4300 / 11000 [ 39%]  (Sampling)
Chain 3: Iteration:  4300 / 11000 [ 39%]  (Sampling)
Chain 2: Iteration:  4300 / 11000 [ 39%]  (Sampling)
Chain 1: Iteration:  5400 / 11000 [ 49%]  (Sampling)
Chain 4: Iteration:  5400 / 11000 [ 49%]  (Sampling)
Chain 3: Iteration:  5400 / 11000 [ 49%]  (Sampling)
Chain 2: Iteration:  5400 / 11000 [ 49%]  (Sampling)
Chain 1: Iteration:  6500 / 11000 [ 59%]  (Sampling)
Chain 4: Iteration:  6500 / 11000 [ 59%]  (Sampling)
Chain 3: Iteration:  6500 / 11000 [ 59%]  (Sampling)
Chain 2: Iteration:  6500 / 11000 [ 59%]  (Sampling)
Chain 1: Iteration:  7600 / 11000 [ 69%]  (Sampling)
Chain 4: Iteration:  7600 / 11000 [ 69%]  (Sampling)
Chain 3: Iteration:  7600 / 11000 [ 69%]  (Sampling)
Chain 2: Iteration:  7600 / 11000 [ 69%]  (Sampling)
Chain 1: Iteration:  8700 / 11000 [ 79%]  (Sampling)
Chain 4: Iteration:  8700 / 11000 [ 79%]  (Sampling)
Chain 3: Iteration:  8700 / 11000 [ 79%]  (Sampling)
Chain 2: Iteration:  8700 / 11000 [ 79%]  (Sampling)
Chain 1: Iteration:  9800 / 11000 [ 89%]  (Sampling)
Chain 4: Iteration:  9800 / 11000 [ 89%]  (Sampling)
Chain 3: Iteration:  9800 / 11000 [ 89%]  (Sampling)
Chain 2: Iteration:  9800 / 11000 [ 89%]  (Sampling)
Chain 1: Iteration: 10900 / 11000 [ 99%]  (Sampling)
Chain 4: Iteration: 10900 / 11000 [ 99%]  (Sampling)
Chain 1: Iteration: 11000 / 11000 [100%]  (Sampling)
Chain 1: 
Chain 1:  Elapsed Time: 332.601 seconds (Warm-up)
Chain 1:                3125.71 seconds (Sampling)
Chain 1:                3458.32 seconds (Total)
Chain 1: 
Chain 4: Iteration: 11000 / 11000 [100%]  (Sampling)
Chain 4: 
Chain 4:  Elapsed Time: 331.839 seconds (Warm-up)
Chain 4:                3154.67 seconds (Sampling)
Chain 4:                3486.51 seconds (Total)
Chain 4: 
Chain 3: Iteration: 10900 / 11000 [ 99%]  (Sampling)
Chain 2: Iteration: 10900 / 11000 [ 99%]  (Sampling)
Chain 3: Iteration: 11000 / 11000 [100%]  (Sampling)
Chain 3: 
Chain 3:  Elapsed Time: 322.707 seconds (Warm-up)
Chain 3:                3243.79 seconds (Sampling)
Chain 3:                3566.5 seconds (Total)
Chain 3: 
Chain 2: Iteration: 11000 / 11000 [100%]  (Sampling)
Chain 2: 
Chain 2:  Elapsed Time: 344.253 seconds (Warm-up)
Chain 2:                3227.39 seconds (Sampling)
Chain 2:                3571.64 seconds (Total)
Chain 2: 
Inference for Stan model: DD-SVR-H.
4 chains, each with iter=11000; warmup=1000; thin=1; 
post-warmup draws per chain=10000, total post-warmup draws=40000.

    mean se_mean   sd  2.5%   25%   50%   75% 97.5% n_eff Rhat
km -4.88       0 0.17 -5.22 -4.99 -4.88 -4.76 -4.55  1317    1
mm -1.93       0 0.09 -2.11 -1.99 -1.93 -1.87 -1.75  4085    1
ks  1.96       0 0.15  1.70  1.86  1.95  2.05  2.27  4309    1
ms  0.99       0 0.08  0.85  0.94  0.99  1.04  1.16  7211    1

Samples were drawn using NUTS(diag_e) at Thu Mar  5 12:16:33 2026.
For each parameter, n_eff is a crude measure of effective sample size,
and Rhat is the potential scale reduction factor on split chains (at 
convergence, Rhat=1).
Summary saved.
            used   (Mb) gc trigger    (Mb)   max used    (Mb)
Ncells   1841553   98.4    4215026   225.2    4215026   225.2
Vcells 997298766 7608.8 3957838593 30196.0 4947295996 37744.9
Fit object freed from memory.
Warning message:
Some Pareto k diagnostic values are too high. See help('pareto-k-diagnostic') for details.
 
Warning message:

138 (1.1%) p_waic estimates greater than 0.4. We recommend trying loo instead. 

Computed from 40000 by 12288 log-likelihood matrix

         Estimate    SE
elpd_loo  -3258.1  62.9
p_loo       268.1  12.5
looic      6516.2 125.9
------
Monte Carlo SE of elpd_loo is NA.

Pareto k diagnostic values:
                         Count Pct.    Min. n_eff
(-Inf, 0.5]   (good)     11106 90.4%   2919      
 (0.5, 0.7]   (ok)         415  3.4%   751       
   (0.7, 1]   (bad)        250  2.0%   25        
   (1, Inf)   (very bad)   517  4.2%   24582     
See help('pareto-k-diagnostic') for details.

Computed from 40000 by 12288 log-likelihood matrix

          Estimate    SE
elpd_waic  -3249.4  62.3
p_waic       259.3  11.4
waic        6498.7 124.6

138 (1.1%) p_waic estimates greater than 0.4. We recommend trying loo instead. 
LOO and WAIC saved.
            used   (Mb) gc trigger    (Mb)   max used    (Mb)
Ncells   1834922   98.0    4215026   225.2    4215026   225.2
Vcells 505742609 3858.6 3654862605 27884.4 5710722819 43569.4
y_pred saved.
           used  (Mb) gc trigger    (Mb)   max used    (Mb)
Ncells  1834912  98.0    4215026   225.2    4215026   225.2
Vcells 14222599 108.6 2923890084 22307.6 5710722819 43569.4
Posterior saved.
=== Done: 3-DD-SVR-H ===
