Lmod Warning:
-------------------------------------------------------------------------------
The following dependent module(s) are not currently loaded:
Eigen/3.3.9-GCCcore-10.2.0 (required by: R/4.2.0-foss-2020b)
-------------------------------------------------------------------------------




The following have been reloaded with a version change:
  1) Eigen/3.3.9-GCCcore-10.2.0 => Eigen/3.3.8-GCCcore-10.2.0

Loading required package: StanHeaders
Loading required package: ggplot2
rstan (Version 2.21.5, GitRev: 2e1f913d3ca3)
For execution on a local, multicore CPU with excess RAM we recommend calling
options(mc.cores = parallel::detectCores()).
To avoid recompilation of unchanged Stan programs, we recommend calling
rstan_options(auto_write = TRUE)
This is loo version 2.5.1
- Online documentation and vignettes at mc-stan.org/loo
- As of v2.0.0 loo defaults to 1 core but we recommend using as many as possible. Use the 'cores' argument or set options(mc.cores = NUM_CORES) for an entire session. 

Attaching package: ‘loo’

The following object is masked from ‘package:rstan’:

    loo

Fitting model: 3-DD-SVD-H 
Task:        DD (delay discounting) 
Model type:  SVD (gamma) 
Stan file:   DD-SVD-H.stan 
Data file:   3-DD.json 
Data loaded: 12288 trials, 128 subjects

SAMPLING FOR MODEL 'DD-SVD-H' NOW (CHAIN 1).

SAMPLING FOR MODEL 'DD-SVD-H' NOW (CHAIN 2).

SAMPLING FOR MODEL 'DD-SVD-H' NOW (CHAIN 3).

SAMPLING FOR MODEL 'DD-SVD-H' NOW (CHAIN 4).
Chain 4: 
Chain 4: Gradient evaluation took 0.004607 seconds
Chain 4: 1000 transitions using 10 leapfrog steps per transition would take 46.07 seconds.
Chain 4: Adjust your expectations accordingly!
Chain 4: 
Chain 4: 
Chain 3: 
Chain 3: Gradient evaluation took 0.004662 seconds
Chain 3: 1000 transitions using 10 leapfrog steps per transition would take 46.62 seconds.
Chain 3: Adjust your expectations accordingly!
Chain 3: 
Chain 3: 
Chain 2: 
Chain 2: Gradient evaluation took 0.004775 seconds
Chain 2: 1000 transitions using 10 leapfrog steps per transition would take 47.75 seconds.
Chain 2: Adjust your expectations accordingly!
Chain 2: 
Chain 2: 
Chain 1: 
Chain 1: Gradient evaluation took 0.004767 seconds
Chain 1: 1000 transitions using 10 leapfrog steps per transition would take 47.67 seconds.
Chain 1: Adjust your expectations accordingly!
Chain 1: 
Chain 1: 
Chain 3: Iteration:     1 / 11000 [  0%]  (Warmup)
Chain 4: Iteration:     1 / 11000 [  0%]  (Warmup)
Chain 1: Iteration:     1 / 11000 [  0%]  (Warmup)
Chain 2: Iteration:     1 / 11000 [  0%]  (Warmup)
Chain 3: Iteration:  1001 / 11000 [  9%]  (Sampling)
Chain 4: Iteration:  1001 / 11000 [  9%]  (Sampling)
Chain 1: Iteration:  1001 / 11000 [  9%]  (Sampling)
Chain 2: Iteration:  1001 / 11000 [  9%]  (Sampling)
Chain 3: Iteration:  2100 / 11000 [ 19%]  (Sampling)
Chain 4: Iteration:  2100 / 11000 [ 19%]  (Sampling)
Chain 3: Iteration:  3200 / 11000 [ 29%]  (Sampling)
Chain 4: Iteration:  3200 / 11000 [ 29%]  (Sampling)
Chain 2: Iteration:  2100 / 11000 [ 19%]  (Sampling)
Chain 3: Iteration:  4300 / 11000 [ 39%]  (Sampling)
Chain 1: Iteration:  2100 / 11000 [ 19%]  (Sampling)
Chain 4: Iteration:  4300 / 11000 [ 39%]  (Sampling)
Chain 3: Iteration:  5400 / 11000 [ 49%]  (Sampling)
Chain 4: Iteration:  5400 / 11000 [ 49%]  (Sampling)
Chain 2: Iteration:  3200 / 11000 [ 29%]  (Sampling)
Chain 3: Iteration:  6500 / 11000 [ 59%]  (Sampling)
Chain 4: Iteration:  6500 / 11000 [ 59%]  (Sampling)
Chain 3: Iteration:  7600 / 11000 [ 69%]  (Sampling)
Chain 4: Iteration:  7600 / 11000 [ 69%]  (Sampling)
Chain 1: Iteration:  3200 / 11000 [ 29%]  (Sampling)
Chain 2: Iteration:  4300 / 11000 [ 39%]  (Sampling)
Chain 3: Iteration:  8700 / 11000 [ 79%]  (Sampling)
Chain 4: Iteration:  8700 / 11000 [ 79%]  (Sampling)
Chain 3: Iteration:  9800 / 11000 [ 89%]  (Sampling)
Chain 4: Iteration:  9800 / 11000 [ 89%]  (Sampling)
Chain 2: Iteration:  5400 / 11000 [ 49%]  (Sampling)
Chain 3: Iteration: 10900 / 11000 [ 99%]  (Sampling)
Chain 3: Iteration: 11000 / 11000 [100%]  (Sampling)
Chain 4: Iteration: 10900 / 11000 [ 99%]  (Sampling)
Chain 3: 
Chain 3:  Elapsed Time: 380.581 seconds (Warm-up)
Chain 3:                2203.13 seconds (Sampling)
Chain 3:                2583.71 seconds (Total)
Chain 3: 
Chain 1: Iteration:  4300 / 11000 [ 39%]  (Sampling)
Chain 4: Iteration: 11000 / 11000 [100%]  (Sampling)
Chain 4: 
Chain 4:  Elapsed Time: 386.355 seconds (Warm-up)
Chain 4:                2218.39 seconds (Sampling)
Chain 4:                2604.74 seconds (Total)
Chain 4: 
Chain 2: Iteration:  6500 / 11000 [ 59%]  (Sampling)
Chain 1: Iteration:  5400 / 11000 [ 49%]  (Sampling)
Chain 2: Iteration:  7600 / 11000 [ 69%]  (Sampling)
Chain 2: Iteration:  8700 / 11000 [ 79%]  (Sampling)
Chain 1: Iteration:  6500 / 11000 [ 59%]  (Sampling)
Chain 2: Iteration:  9800 / 11000 [ 89%]  (Sampling)
Chain 2: Iteration: 10900 / 11000 [ 99%]  (Sampling)
Chain 1: Iteration:  7600 / 11000 [ 69%]  (Sampling)
Chain 2: Iteration: 11000 / 11000 [100%]  (Sampling)
Chain 2: 
Chain 2:  Elapsed Time: 448.607 seconds (Warm-up)
Chain 2:                4342.55 seconds (Sampling)
Chain 2:                4791.16 seconds (Total)
Chain 2: 
Chain 1: Iteration:  8700 / 11000 [ 79%]  (Sampling)
Chain 1: Iteration:  9800 / 11000 [ 89%]  (Sampling)
Chain 1: Iteration: 10900 / 11000 [ 99%]  (Sampling)
Chain 1: Iteration: 11000 / 11000 [100%]  (Sampling)
Chain 1: 
Chain 1:  Elapsed Time: 401.727 seconds (Warm-up)
Chain 1:                6658.7 seconds (Sampling)
Chain 1:                7060.43 seconds (Total)
Chain 1: 
Warning messages:
1: There were 22 divergent transitions after warmup. See
https://mc-stan.org/misc/warnings.html#divergent-transitions-after-warmup
to find out why this is a problem and how to eliminate them. 
2: Examine the pairs() plot to diagnose sampling problems
 
Inference for Stan model: DD-SVD-H.
4 chains, each with iter=11000; warmup=1000; thin=1; 
post-warmup draws per chain=10000, total post-warmup draws=40000.

    mean se_mean   sd  2.5%   25%   50%   75% 97.5% n_eff Rhat
km -4.99    0.01 0.18 -5.34 -5.11 -5.00 -4.87 -4.64   491 1.01
gm  0.71    0.00 0.13  0.45  0.62  0.71  0.79  0.97  1178 1.00
ks  1.87    0.00 0.14  1.62  1.77  1.86  1.95  2.16  1863 1.00
gs  1.47    0.00 0.11  1.28  1.40  1.47  1.54  1.70  2748 1.00

Samples were drawn using NUTS(diag_e) at Thu Mar  5 13:14:52 2026.
For each parameter, n_eff is a crude measure of effective sample size,
and Rhat is the potential scale reduction factor on split chains (at 
convergence, Rhat=1).
Summary saved.
            used   (Mb) gc trigger    (Mb)   max used    (Mb)
Ncells   1841563   98.4    4215030   225.2    4215030   225.2
Vcells 997298928 7608.8 3166267210 24156.8 4947283425 37744.8
Fit object freed from memory.
Warning message:
Some Pareto k diagnostic values are too high. See help('pareto-k-diagnostic') for details.
 
Warning message:

138 (1.1%) p_waic estimates greater than 0.4. We recommend trying loo instead. 

Computed from 40000 by 12288 log-likelihood matrix

         Estimate    SE
elpd_loo  -3143.9  60.9
p_loo       268.8  12.9
looic      6287.8 121.9
------
Monte Carlo SE of elpd_loo is NA.

Pareto k diagnostic values:
                         Count Pct.    Min. n_eff
(-Inf, 0.5]   (good)     10622 86.4%   2836      
 (0.5, 0.7]   (ok)         436  3.5%   526       
   (0.7, 1]   (bad)        393  3.2%   71        
   (1, Inf)   (very bad)   837  6.8%   7         
See help('pareto-k-diagnostic') for details.

Computed from 40000 by 12288 log-likelihood matrix

          Estimate    SE
elpd_waic  -3132.5  60.2
p_waic       257.5  11.6
waic        6265.1 120.4

138 (1.1%) p_waic estimates greater than 0.4. We recommend trying loo instead. 
LOO and WAIC saved.
            used   (Mb) gc trigger    (Mb)   max used    (Mb)
Ncells   1834924   98.0    4215030   225.2    4215030   225.2
Vcells 505742739 3858.6 3654864256 27884.5 5710725398 43569.4
y_pred saved.
           used  (Mb) gc trigger    (Mb)   max used    (Mb)
Ncells  1834914  98.0    4215030   225.2    4215030   225.2
Vcells 14222729 108.6 2923891405 22307.6 5710725398 43569.4
Posterior saved.
=== Done: 3-DD-SVD-H ===
