Lmod Warning:
-------------------------------------------------------------------------------
The following dependent module(s) are not currently loaded:
Eigen/3.3.9-GCCcore-10.2.0 (required by: R/4.2.0-foss-2020b)
-------------------------------------------------------------------------------




The following have been reloaded with a version change:
  1) Eigen/3.3.9-GCCcore-10.2.0 => Eigen/3.3.8-GCCcore-10.2.0

Loading required package: StanHeaders
Loading required package: ggplot2
rstan (Version 2.21.5, GitRev: 2e1f913d3ca3)
For execution on a local, multicore CPU with excess RAM we recommend calling
options(mc.cores = parallel::detectCores()).
To avoid recompilation of unchanged Stan programs, we recommend calling
rstan_options(auto_write = TRUE)
This is loo version 2.5.1
- Online documentation and vignettes at mc-stan.org/loo
- As of v2.0.0 loo defaults to 1 core but we recommend using as many as possible. Use the 'cores' argument or set options(mc.cores = NUM_CORES) for an entire session. 

Attaching package: ‘loo’

The following object is masked from ‘package:rstan’:

    loo

Fitting model: 3-RDM-SVD-H 
Task:        RDM (risky decision-making) 
Model type:  SVD (gamma) 
Stan file:   RDM-SVD-H.stan 
Data file:   3-RDM.json 
Data loaded: 10240 trials, 128 subjects

SAMPLING FOR MODEL 'RDM-SVD-H' NOW (CHAIN 1).

SAMPLING FOR MODEL 'RDM-SVD-H' NOW (CHAIN 2).

SAMPLING FOR MODEL 'RDM-SVD-H' NOW (CHAIN 3).

SAMPLING FOR MODEL 'RDM-SVD-H' NOW (CHAIN 4).
Chain 1: Rejecting initial value:
Chain 1:   Error evaluating the log probability at the initial value.
Chain 1: Exception: bernoulli_logit_lpmf: Logit transformed probability parameter is -nan, but must not be nan!  (in 'model371d59548866f3_RDM_SVD_H' at line 41)

Chain 1: 
Chain 1: Gradient evaluation took 0.002949 seconds
Chain 1: 1000 transitions using 10 leapfrog steps per transition would take 29.49 seconds.
Chain 1: Adjust your expectations accordingly!
Chain 1: 
Chain 1: 
Chain 2: 
Chain 2: Gradient evaluation took 0.002856 seconds
Chain 2: 1000 transitions using 10 leapfrog steps per transition would take 28.56 seconds.
Chain 2: Adjust your expectations accordingly!
Chain 2: 
Chain 2: 
Chain 4: 
Chain 4: Gradient evaluation took 0.002816 seconds
Chain 4: 1000 transitions using 10 leapfrog steps per transition would take 28.16 seconds.
Chain 4: Adjust your expectations accordingly!
Chain 4: 
Chain 4: 
Chain 3: 
Chain 3: Gradient evaluation took 0.002741 seconds
Chain 3: 1000 transitions using 10 leapfrog steps per transition would take 27.41 seconds.
Chain 3: Adjust your expectations accordingly!
Chain 3: 
Chain 3: 
Chain 1: Iteration:     1 / 11000 [  0%]  (Warmup)
Chain 2: Iteration:     1 / 11000 [  0%]  (Warmup)
Chain 3: Iteration:     1 / 11000 [  0%]  (Warmup)
Chain 4: Iteration:     1 / 11000 [  0%]  (Warmup)
Chain 1: Iteration:  1001 / 11000 [  9%]  (Sampling)
Chain 3: Iteration:  1001 / 11000 [  9%]  (Sampling)
Chain 4: Iteration:  1001 / 11000 [  9%]  (Sampling)
Chain 2: Iteration:  1001 / 11000 [  9%]  (Sampling)
Chain 1: Iteration:  2100 / 11000 [ 19%]  (Sampling)
Chain 3: Iteration:  2100 / 11000 [ 19%]  (Sampling)
Chain 4: Iteration:  2100 / 11000 [ 19%]  (Sampling)
Chain 2: Iteration:  2100 / 11000 [ 19%]  (Sampling)
Chain 1: Iteration:  3200 / 11000 [ 29%]  (Sampling)
Chain 4: Iteration:  3200 / 11000 [ 29%]  (Sampling)
Chain 3: Iteration:  3200 / 11000 [ 29%]  (Sampling)
Chain 2: Iteration:  3200 / 11000 [ 29%]  (Sampling)
Chain 1: Iteration:  4300 / 11000 [ 39%]  (Sampling)
Chain 4: Iteration:  4300 / 11000 [ 39%]  (Sampling)
Chain 3: Iteration:  4300 / 11000 [ 39%]  (Sampling)
Chain 2: Iteration:  4300 / 11000 [ 39%]  (Sampling)
Chain 1: Iteration:  5400 / 11000 [ 49%]  (Sampling)
Chain 4: Iteration:  5400 / 11000 [ 49%]  (Sampling)
Chain 3: Iteration:  5400 / 11000 [ 49%]  (Sampling)
Chain 2: Iteration:  5400 / 11000 [ 49%]  (Sampling)
Chain 1: Iteration:  6500 / 11000 [ 59%]  (Sampling)
Chain 4: Iteration:  6500 / 11000 [ 59%]  (Sampling)
Chain 3: Iteration:  6500 / 11000 [ 59%]  (Sampling)
Chain 2: Iteration:  6500 / 11000 [ 59%]  (Sampling)
Chain 1: Iteration:  7600 / 11000 [ 69%]  (Sampling)
Chain 4: Iteration:  7600 / 11000 [ 69%]  (Sampling)
Chain 3: Iteration:  7600 / 11000 [ 69%]  (Sampling)
Chain 2: Iteration:  7600 / 11000 [ 69%]  (Sampling)
Chain 4: Iteration:  8700 / 11000 [ 79%]  (Sampling)
Chain 1: Iteration:  8700 / 11000 [ 79%]  (Sampling)
Chain 3: Iteration:  8700 / 11000 [ 79%]  (Sampling)
Chain 2: Iteration:  8700 / 11000 [ 79%]  (Sampling)
Chain 4: Iteration:  9800 / 11000 [ 89%]  (Sampling)
Chain 1: Iteration:  9800 / 11000 [ 89%]  (Sampling)
Chain 3: Iteration:  9800 / 11000 [ 89%]  (Sampling)
Chain 2: Iteration:  9800 / 11000 [ 89%]  (Sampling)
Chain 4: Iteration: 10900 / 11000 [ 99%]  (Sampling)
Chain 1: Iteration: 10900 / 11000 [ 99%]  (Sampling)
Chain 4: Iteration: 11000 / 11000 [100%]  (Sampling)
Chain 4: 
Chain 4:  Elapsed Time: 216.484 seconds (Warm-up)
Chain 4:                1376.49 seconds (Sampling)
Chain 4:                1592.97 seconds (Total)
Chain 4: 
Chain 1: Iteration: 11000 / 11000 [100%]  (Sampling)
Chain 1: 
Chain 1:  Elapsed Time: 192.97 seconds (Warm-up)
Chain 1:                1406.41 seconds (Sampling)
Chain 1:                1599.38 seconds (Total)
Chain 1: 
Chain 3: Iteration: 10900 / 11000 [ 99%]  (Sampling)
Chain 3: Iteration: 11000 / 11000 [100%]  (Sampling)
Chain 3: 
Chain 3:  Elapsed Time: 209.24 seconds (Warm-up)
Chain 3:                1420.78 seconds (Sampling)
Chain 3:                1630.02 seconds (Total)
Chain 3: 
Chain 2: Iteration: 10900 / 11000 [ 99%]  (Sampling)
Chain 2: Iteration: 11000 / 11000 [100%]  (Sampling)
Chain 2: 
Chain 2:  Elapsed Time: 244.556 seconds (Warm-up)
Chain 2:                1424 seconds (Sampling)
Chain 2:                1668.55 seconds (Total)
Chain 2: 
Inference for Stan model: RDM-SVD-H.
4 chains, each with iter=11000; warmup=1000; thin=1; 
post-warmup draws per chain=10000, total post-warmup draws=40000.

    mean se_mean   sd  2.5%   25%   50%   75% 97.5% n_eff Rhat
am -0.82       0 0.04 -0.91 -0.85 -0.82 -0.79 -0.74  2370    1
gm  0.86       0 0.08  0.70  0.81  0.87  0.92  1.02  5312    1
as  0.48       0 0.04  0.42  0.46  0.48  0.51  0.56  5963    1
gs  0.88       0 0.07  0.75  0.83  0.87  0.92  1.02 10175    1

Samples were drawn using NUTS(diag_e) at Fri Feb 27 13:43:26 2026.
For each parameter, n_eff is a crude measure of effective sample size,
and Rhat is the potential scale reduction factor on split chains (at 
convergence, Rhat=1).
Summary saved.
            used   (Mb) gc trigger    (Mb)   max used    (Mb)
Ncells   1833323   98.0    3952085   211.1    3952085   211.1
Vcells 833456707 6358.8 3312845976 25275.1 4141053925 31593.8
Fit object freed from memory.
Warning message:
Some Pareto k diagnostic values are too high. See help('pareto-k-diagnostic') for details.
 
Warning message:

113 (1.1%) p_waic estimates greater than 0.4. We recommend trying loo instead. 

Computed from 40000 by 10240 log-likelihood matrix

         Estimate    SE
elpd_loo  -3458.9  61.5
p_loo       271.1  14.6
looic      6917.9 123.1
------
Monte Carlo SE of elpd_loo is NA.

Pareto k diagnostic values:
                         Count Pct.    Min. n_eff
(-Inf, 0.5]   (good)     9958  97.2%   1633      
 (0.5, 0.7]   (ok)         98   1.0%   725       
   (0.7, 1]   (bad)        50   0.5%   28        
   (1, Inf)   (very bad)  134   1.3%   10        
See help('pareto-k-diagnostic') for details.

Computed from 40000 by 10240 log-likelihood matrix

          Estimate    SE
elpd_waic  -3449.0  60.7
p_waic       261.2  13.1
waic        6898.0 121.3

113 (1.1%) p_waic estimates greater than 0.4. We recommend trying loo instead. 
LOO and WAIC saved.
            used   (Mb) gc trigger    (Mb)   max used    (Mb)
Ncells   1828739   97.7    3952085   211.1    3952085   211.1
Vcells 423828741 3233.6 3816539364 29117.9 4761604962 36328.2
y_pred saved.
           used  (Mb) gc trigger    (Mb)   max used    (Mb)
Ncells  1828729  97.7    3952085   211.1    3952085   211.1
Vcells 14228731 108.6 3053231492 23294.4 4761604962 36328.2
Posterior saved.
=== Done: 3-RDM-SVD-H ===
