Lmod Warning:
-------------------------------------------------------------------------------
The following dependent module(s) are not currently loaded:
Eigen/3.3.9-GCCcore-10.2.0 (required by: R/4.2.0-foss-2020b)
-------------------------------------------------------------------------------




The following have been reloaded with a version change:
  1) Eigen/3.3.9-GCCcore-10.2.0 => Eigen/3.3.8-GCCcore-10.2.0

Loading required package: StanHeaders
Loading required package: ggplot2
rstan (Version 2.21.5, GitRev: 2e1f913d3ca3)
For execution on a local, multicore CPU with excess RAM we recommend calling
options(mc.cores = parallel::detectCores()).
To avoid recompilation of unchanged Stan programs, we recommend calling
rstan_options(auto_write = TRUE)
This is loo version 2.5.1
- Online documentation and vignettes at mc-stan.org/loo
- As of v2.0.0 loo defaults to 1 core but we recommend using as many as possible. Use the 'cores' argument or set options(mc.cores = NUM_CORES) for an entire session. 

Attaching package: ‘loo’

The following object is masked from ‘package:rstan’:

    loo

Fitting model: 2-RDM-SVR-H 
Task:        RDM (risky decision-making) 
Model type:  SVR (mu) 
Stan file:   RDM-SVR-H.stan 
Data file:   2-RDM.json 
Data loaded: 4889 trials, 43 subjects

SAMPLING FOR MODEL 'RDM-SVR-H' NOW (CHAIN 1).

SAMPLING FOR MODEL 'RDM-SVR-H' NOW (CHAIN 2).

SAMPLING FOR MODEL 'RDM-SVR-H' NOW (CHAIN 3).

SAMPLING FOR MODEL 'RDM-SVR-H' NOW (CHAIN 4).
Chain 4: 
Chain 4: Gradient evaluation took 0.00232 seconds
Chain 4: 1000 transitions using 10 leapfrog steps per transition would take 23.2 seconds.
Chain 4: Adjust your expectations accordingly!
Chain 4: 
Chain 4: 
Chain 3: 
Chain 3: Gradient evaluation took 0.002311 seconds
Chain 3: 1000 transitions using 10 leapfrog steps per transition would take 23.11 seconds.
Chain 3: Adjust your expectations accordingly!
Chain 3: 
Chain 3: 
Chain 2: 
Chain 2: Gradient evaluation took 0.002245 seconds
Chain 2: 1000 transitions using 10 leapfrog steps per transition would take 22.45 seconds.
Chain 2: Adjust your expectations accordingly!
Chain 2: 
Chain 2: 
Chain 1: 
Chain 1: Gradient evaluation took 0.00223 seconds
Chain 1: 1000 transitions using 10 leapfrog steps per transition would take 22.3 seconds.
Chain 1: Adjust your expectations accordingly!
Chain 1: 
Chain 1: 
Chain 4: Iteration:     1 / 12000 [  0%]  (Warmup)
Chain 3: Iteration:     1 / 12000 [  0%]  (Warmup)
Chain 2: Iteration:     1 / 12000 [  0%]  (Warmup)
Chain 1: Iteration:     1 / 12000 [  0%]  (Warmup)
Chain 3: Iteration:  1200 / 12000 [ 10%]  (Warmup)
Chain 1: Iteration:  1200 / 12000 [ 10%]  (Warmup)
Chain 2: Iteration:  1200 / 12000 [ 10%]  (Warmup)
Chain 4: Iteration:  1200 / 12000 [ 10%]  (Warmup)
Chain 3: Iteration:  2001 / 12000 [ 16%]  (Sampling)
Chain 1: Iteration:  2001 / 12000 [ 16%]  (Sampling)
Chain 4: Iteration:  2001 / 12000 [ 16%]  (Sampling)
Chain 2: Iteration:  2001 / 12000 [ 16%]  (Sampling)
Chain 3: Iteration:  3200 / 12000 [ 26%]  (Sampling)
Chain 1: Iteration:  3200 / 12000 [ 26%]  (Sampling)
Chain 4: Iteration:  3200 / 12000 [ 26%]  (Sampling)
Chain 2: Iteration:  3200 / 12000 [ 26%]  (Sampling)
Chain 3: Iteration:  4400 / 12000 [ 36%]  (Sampling)
Chain 1: Iteration:  4400 / 12000 [ 36%]  (Sampling)
Chain 4: Iteration:  4400 / 12000 [ 36%]  (Sampling)
Chain 2: Iteration:  4400 / 12000 [ 36%]  (Sampling)
Chain 3: Iteration:  5600 / 12000 [ 46%]  (Sampling)
Chain 1: Iteration:  5600 / 12000 [ 46%]  (Sampling)
Chain 2: Iteration:  5600 / 12000 [ 46%]  (Sampling)
Chain 4: Iteration:  5600 / 12000 [ 46%]  (Sampling)
Chain 3: Iteration:  6800 / 12000 [ 56%]  (Sampling)
Chain 1: Iteration:  6800 / 12000 [ 56%]  (Sampling)
Chain 2: Iteration:  6800 / 12000 [ 56%]  (Sampling)
Chain 4: Iteration:  6800 / 12000 [ 56%]  (Sampling)
Chain 3: Iteration:  8000 / 12000 [ 66%]  (Sampling)
Chain 1: Iteration:  8000 / 12000 [ 66%]  (Sampling)
Chain 2: Iteration:  8000 / 12000 [ 66%]  (Sampling)
Chain 4: Iteration:  8000 / 12000 [ 66%]  (Sampling)
Chain 3: Iteration:  9200 / 12000 [ 76%]  (Sampling)
Chain 1: Iteration:  9200 / 12000 [ 76%]  (Sampling)
Chain 2: Iteration:  9200 / 12000 [ 76%]  (Sampling)
Chain 4: Iteration:  9200 / 12000 [ 76%]  (Sampling)
Chain 3: Iteration: 10400 / 12000 [ 86%]  (Sampling)
Chain 1: Iteration: 10400 / 12000 [ 86%]  (Sampling)
Chain 2: Iteration: 10400 / 12000 [ 86%]  (Sampling)
Chain 4: Iteration: 10400 / 12000 [ 86%]  (Sampling)
Chain 3: Iteration: 11600 / 12000 [ 96%]  (Sampling)
Chain 1: Iteration: 11600 / 12000 [ 96%]  (Sampling)
Chain 3: Iteration: 12000 / 12000 [100%]  (Sampling)
Chain 3: 
Chain 3:  Elapsed Time: 107.577 seconds (Warm-up)
Chain 3:                471.593 seconds (Sampling)
Chain 3:                579.17 seconds (Total)
Chain 3: 
Chain 2: Iteration: 11600 / 12000 [ 96%]  (Sampling)
Chain 1: Iteration: 12000 / 12000 [100%]  (Sampling)
Chain 1: 
Chain 1:  Elapsed Time: 110.545 seconds (Warm-up)
Chain 1:                472.683 seconds (Sampling)
Chain 1:                583.228 seconds (Total)
Chain 1: 
Chain 4: Iteration: 11600 / 12000 [ 96%]  (Sampling)
Chain 2: Iteration: 12000 / 12000 [100%]  (Sampling)
Chain 2: 
Chain 2:  Elapsed Time: 118.953 seconds (Warm-up)
Chain 2:                482.713 seconds (Sampling)
Chain 2:                601.666 seconds (Total)
Chain 2: 
Chain 4: Iteration: 12000 / 12000 [100%]  (Sampling)
Chain 4: 
Chain 4:  Elapsed Time: 113.057 seconds (Warm-up)
Chain 4:                498.472 seconds (Sampling)
Chain 4:                611.53 seconds (Total)
Chain 4: 
Inference for Stan model: RDM-SVR-H.
4 chains, each with iter=12000; warmup=2000; thin=1; 
post-warmup draws per chain=10000, total post-warmup draws=40000.

    mean se_mean   sd  2.5%   25%   50%   75% 97.5% n_eff Rhat
am -0.45       0 0.10 -0.64 -0.51 -0.45 -0.38 -0.26  1902    1
mm -1.55       0 0.08 -1.70 -1.60 -1.55 -1.50 -1.40  8994    1
as  0.64       0 0.08  0.51  0.59  0.63  0.69  0.81  5605    1
ms  0.45       0 0.07  0.32  0.39  0.44  0.49  0.61 11458    1

Samples were drawn using NUTS(diag_e) at Wed Mar  4 10:39:16 2026.
For each parameter, n_eff is a crude measure of effective sample size,
and Rhat is the potential scale reduction factor on split chains (at 
convergence, Rhat=1).
Summary saved.
            used   (Mb) gc trigger    (Mb)   max used    (Mb)
Ncells   1811864   96.8    3871773   206.8    3871773   206.8
Vcells 398517978 3040.5 1612296072 12300.9 2015370089 15376.1
Fit object freed from memory.
Warning message:
Some Pareto k diagnostic values are too high. See help('pareto-k-diagnostic') for details.
 
Warning message:

18 (0.4%) p_waic estimates greater than 0.4. We recommend trying loo instead. 

Computed from 40000 by 4889 log-likelihood matrix

         Estimate   SE
elpd_loo  -1464.0 38.0
p_loo        74.2  4.0
looic      2928.0 76.1
------
Monte Carlo SE of elpd_loo is NA.

Pareto k diagnostic values:
                         Count Pct.    Min. n_eff
(-Inf, 0.5]   (good)     4818  98.5%   8544      
 (0.5, 0.7]   (ok)         53   1.1%   2240      
   (0.7, 1]   (bad)        18   0.4%   27840     
   (1, Inf)   (very bad)    0   0.0%   <NA>      
See help('pareto-k-diagnostic') for details.

Computed from 40000 by 4889 log-likelihood matrix

          Estimate   SE
elpd_waic  -1463.3 38.0
p_waic        73.5  3.9
waic        2926.6 76.0

18 (0.4%) p_waic estimates greater than 0.4. We recommend trying loo instead. 
LOO and WAIC saved.
            used   (Mb) gc trigger    (Mb)   max used    (Mb)
Ncells   1812631   96.9    3871773   206.8    3871773   206.8
Vcells 202951416 1548.4 1857505875 14171.7 2274027888 17349.5
y_pred saved.
          used (Mb) gc trigger    (Mb)   max used    (Mb)
Ncells 1812621 96.9    3871773   206.8    3871773   206.8
Vcells 7391406 56.4 1486004700 11337.4 2274027888 17349.5
Posterior saved.
=== Done: 2-RDM-SVR-H ===
