Lmod Warning:
-------------------------------------------------------------------------------
The following dependent module(s) are not currently loaded:
Eigen/3.3.9-GCCcore-10.2.0 (required by: R/4.2.0-foss-2020b)
-------------------------------------------------------------------------------




The following have been reloaded with a version change:
  1) Eigen/3.3.9-GCCcore-10.2.0 => Eigen/3.3.8-GCCcore-10.2.0

Loading required package: StanHeaders
Loading required package: ggplot2
rstan (Version 2.21.5, GitRev: 2e1f913d3ca3)
For execution on a local, multicore CPU with excess RAM we recommend calling
options(mc.cores = parallel::detectCores()).
To avoid recompilation of unchanged Stan programs, we recommend calling
rstan_options(auto_write = TRUE)
This is loo version 2.5.1
- Online documentation and vignettes at mc-stan.org/loo
- As of v2.0.0 loo defaults to 1 core but we recommend using as many as possible. Use the 'cores' argument or set options(mc.cores = NUM_CORES) for an entire session. 

Attaching package: ‘loo’

The following object is masked from ‘package:rstan’:

    loo

Fitting model: 3-RDM-SVR-H 
Task:        RDM (risky decision-making) 
Model type:  SVR (mu) 
Stan file:   RDM-SVR-H-3.stan 
Data file:   3-RDM.json 
Data loaded: 10240 trials, 128 subjects

SAMPLING FOR MODEL 'RDM-SVR-H-3' NOW (CHAIN 1).

SAMPLING FOR MODEL 'RDM-SVR-H-3' NOW (CHAIN 2).

SAMPLING FOR MODEL 'RDM-SVR-H-3' NOW (CHAIN 3).

SAMPLING FOR MODEL 'RDM-SVR-H-3' NOW (CHAIN 4).
Chain 1: 
Chain 1: Gradient evaluation took 0.006591 seconds
Chain 1: 1000 transitions using 10 leapfrog steps per transition would take 65.91 seconds.
Chain 1: Adjust your expectations accordingly!
Chain 1: 
Chain 1: 
Chain 2: 
Chain 2: Gradient evaluation took 0.006323 seconds
Chain 2: 1000 transitions using 10 leapfrog steps per transition would take 63.23 seconds.
Chain 2: Adjust your expectations accordingly!
Chain 2: 
Chain 2: 
Chain 3: 
Chain 3: Gradient evaluation took 0.006158 seconds
Chain 3: 1000 transitions using 10 leapfrog steps per transition would take 61.58 seconds.
Chain 3: Adjust your expectations accordingly!
Chain 3: 
Chain 3: 
Chain 1: Iteration:     1 / 11000 [  0%]  (Warmup)
Chain 4: 
Chain 4: Gradient evaluation took 0.006026 seconds
Chain 4: 1000 transitions using 10 leapfrog steps per transition would take 60.26 seconds.
Chain 4: Adjust your expectations accordingly!
Chain 4: 
Chain 4: 
Chain 2: Iteration:     1 / 11000 [  0%]  (Warmup)
Chain 3: Iteration:     1 / 11000 [  0%]  (Warmup)
Chain 4: Iteration:     1 / 11000 [  0%]  (Warmup)
Chain 4: Iteration:  1001 / 11000 [  9%]  (Sampling)
Chain 1: Iteration:  1001 / 11000 [  9%]  (Sampling)
Chain 2: Iteration:  1001 / 11000 [  9%]  (Sampling)
Chain 4: Iteration:  2100 / 11000 [ 19%]  (Sampling)
Chain 3: Iteration:  1001 / 11000 [  9%]  (Sampling)
Chain 2: Iteration:  2100 / 11000 [ 19%]  (Sampling)
Chain 4: Iteration:  3200 / 11000 [ 29%]  (Sampling)
Chain 1: Iteration:  2100 / 11000 [ 19%]  (Sampling)
Chain 2: Iteration:  3200 / 11000 [ 29%]  (Sampling)
Chain 3: Iteration:  2100 / 11000 [ 19%]  (Sampling)
Chain 4: Iteration:  4300 / 11000 [ 39%]  (Sampling)
Chain 2: Iteration:  4300 / 11000 [ 39%]  (Sampling)
Chain 4: Iteration:  5400 / 11000 [ 49%]  (Sampling)
Chain 1: Iteration:  3200 / 11000 [ 29%]  (Sampling)
Chain 3: Iteration:  3200 / 11000 [ 29%]  (Sampling)
Chain 2: Iteration:  5400 / 11000 [ 49%]  (Sampling)
Chain 4: Iteration:  6500 / 11000 [ 59%]  (Sampling)
Chain 2: Iteration:  6500 / 11000 [ 59%]  (Sampling)
Chain 4: Iteration:  7600 / 11000 [ 69%]  (Sampling)
Chain 1: Iteration:  4300 / 11000 [ 39%]  (Sampling)
Chain 3: Iteration:  4300 / 11000 [ 39%]  (Sampling)
Chain 2: Iteration:  7600 / 11000 [ 69%]  (Sampling)
Chain 4: Iteration:  8700 / 11000 [ 79%]  (Sampling)
Chain 2: Iteration:  8700 / 11000 [ 79%]  (Sampling)
Chain 4: Iteration:  9800 / 11000 [ 89%]  (Sampling)
Chain 3: Iteration:  5400 / 11000 [ 49%]  (Sampling)
Chain 1: Iteration:  5400 / 11000 [ 49%]  (Sampling)
Chain 2: Iteration:  9800 / 11000 [ 89%]  (Sampling)
Chain 4: Iteration: 10900 / 11000 [ 99%]  (Sampling)
Chain 4: Iteration: 11000 / 11000 [100%]  (Sampling)
Chain 4: 
Chain 4:  Elapsed Time: 438.7 seconds (Warm-up)
Chain 4:                2144.94 seconds (Sampling)
Chain 4:                2583.64 seconds (Total)
Chain 4: 
Chain 2: Iteration: 10900 / 11000 [ 99%]  (Sampling)
Chain 2: Iteration: 11000 / 11000 [100%]  (Sampling)
Chain 2: 
Chain 2:  Elapsed Time: 599.125 seconds (Warm-up)
Chain 2:                2140.65 seconds (Sampling)
Chain 2:                2739.78 seconds (Total)
Chain 2: 
Chain 3: Iteration:  6500 / 11000 [ 59%]  (Sampling)
Chain 1: Iteration:  6500 / 11000 [ 59%]  (Sampling)
Chain 3: Iteration:  7600 / 11000 [ 69%]  (Sampling)
Chain 1: Iteration:  7600 / 11000 [ 69%]  (Sampling)
Chain 3: Iteration:  8700 / 11000 [ 79%]  (Sampling)
Chain 1: Iteration:  8700 / 11000 [ 79%]  (Sampling)
Chain 3: Iteration:  9800 / 11000 [ 89%]  (Sampling)
Chain 1: Iteration:  9800 / 11000 [ 89%]  (Sampling)
Chain 3: Iteration: 10900 / 11000 [ 99%]  (Sampling)
Chain 3: Iteration: 11000 / 11000 [100%]  (Sampling)
Chain 3: 
Chain 3:  Elapsed Time: 679.101 seconds (Warm-up)
Chain 3:                3742.23 seconds (Sampling)
Chain 3:                4421.33 seconds (Total)
Chain 3: 
Chain 1: Iteration: 10900 / 11000 [ 99%]  (Sampling)
Chain 1: Iteration: 11000 / 11000 [100%]  (Sampling)
Chain 1: 
Chain 1:  Elapsed Time: 520.239 seconds (Warm-up)
Chain 1:                4202.39 seconds (Sampling)
Chain 1:                4722.63 seconds (Total)
Chain 1: 
Inference for Stan model: RDM-SVR-H-3.
4 chains, each with iter=11000; warmup=1000; thin=1; 
post-warmup draws per chain=10000, total post-warmup draws=40000.

    mean se_mean   sd  2.5%   25%   50%   75% 97.5% n_eff Rhat
am -0.62       0 0.05 -0.72 -0.66 -0.62 -0.59 -0.53  2787    1
mm -1.55       0 0.08 -1.71 -1.61 -1.55 -1.50 -1.40  6555    1
as  0.52       0 0.04  0.45  0.49  0.52  0.54  0.60  6879    1
ms  0.81       0 0.06  0.70  0.77  0.81  0.85  0.95 10562    1

Samples were drawn using NUTS(diag_e) at Wed Mar  4 12:12:25 2026.
For each parameter, n_eff is a crude measure of effective sample size,
and Rhat is the potential scale reduction factor on split chains (at 
convergence, Rhat=1).
Summary saved.
            used   (Mb) gc trigger    (Mb)   max used    (Mb)
Ncells   1856948   99.2    4252191   227.1    4252191   227.1
Vcells 833506910 6359.2 2682999463 20469.7 4192186660 31983.9
Fit object freed from memory.
Warning message:
Some Pareto k diagnostic values are too high. See help('pareto-k-diagnostic') for details.
 
Warning message:

147 (1.4%) p_waic estimates greater than 0.4. We recommend trying loo instead. 

Computed from 40000 by 10240 log-likelihood matrix

         Estimate    SE
elpd_loo  -3075.3  57.4
p_loo       319.5  12.4
looic      6150.7 114.8
------
Monte Carlo SE of elpd_loo is NA.

Pareto k diagnostic values:
                         Count Pct.    Min. n_eff
(-Inf, 0.5]   (good)     9857  96.3%   3653      
 (0.5, 0.7]   (ok)        236   2.3%   339       
   (0.7, 1]   (bad)        93   0.9%   71        
   (1, Inf)   (very bad)   54   0.5%   27258     
See help('pareto-k-diagnostic') for details.

Computed from 40000 by 10240 log-likelihood matrix

          Estimate    SE
elpd_waic  -3062.3  56.7
p_waic       306.4  11.3
waic        6124.6 113.4

147 (1.4%) p_waic estimates greater than 0.4. We recommend trying loo instead. 
LOO and WAIC saved.
            used (Mb) gc trigger    (Mb)   max used    (Mb)
Ncells   1852365   99    4252191   227.1    4252191   227.1
Vcells 423878945 3234 3047274666 23248.9 4761366664 36326.4
y_pred saved.
           used (Mb) gc trigger    (Mb)   max used    (Mb)
Ncells  1852355   99    4252191   227.1    4252191   227.1
Vcells 14278935  109 2437819733 18599.1 4761366664 36326.4
Posterior saved.
=== Done: 3-RDM-SVR-H ===
