Lmod Warning:
-------------------------------------------------------------------------------
The following dependent module(s) are not currently loaded:
Eigen/3.3.9-GCCcore-10.2.0 (required by: R/4.2.0-foss-2020b)
-------------------------------------------------------------------------------




The following have been reloaded with a version change:
  1) Eigen/3.3.9-GCCcore-10.2.0 => Eigen/3.3.8-GCCcore-10.2.0

Loading required package: StanHeaders
Loading required package: ggplot2
rstan (Version 2.21.5, GitRev: 2e1f913d3ca3)
For execution on a local, multicore CPU with excess RAM we recommend calling
options(mc.cores = parallel::detectCores()).
To avoid recompilation of unchanged Stan programs, we recommend calling
rstan_options(auto_write = TRUE)
This is loo version 2.5.1
- Online documentation and vignettes at mc-stan.org/loo
- As of v2.0.0 loo defaults to 1 core but we recommend using as many as possible. Use the 'cores' argument or set options(mc.cores = NUM_CORES) for an entire session. 

Attaching package: ‘loo’

The following object is masked from ‘package:rstan’:

    loo

Fitting model: 3-DD-SVR-H 
Task:        DD (delay discounting) 
Model type:  SVR (mu) 
Stan file:   DD-SVR-H.stan 
Data file:   3-DD.json 
Data loaded: 12288 trials, 128 subjects

SAMPLING FOR MODEL 'DD-SVR-H' NOW (CHAIN 1).

SAMPLING FOR MODEL 'DD-SVR-H' NOW (CHAIN 2).

SAMPLING FOR MODEL 'DD-SVR-H' NOW (CHAIN 3).

SAMPLING FOR MODEL 'DD-SVR-H' NOW (CHAIN 4).
Chain 2: 
Chain 2: Gradient evaluation took 0.0088 seconds
Chain 2: 1000 transitions using 10 leapfrog steps per transition would take 88 seconds.
Chain 2: Adjust your expectations accordingly!
Chain 2: 
Chain 2: 
Chain 1: 
Chain 1: Gradient evaluation took 0.008522 seconds
Chain 1: 1000 transitions using 10 leapfrog steps per transition would take 85.22 seconds.
Chain 1: Adjust your expectations accordingly!
Chain 1: 
Chain 1: 
Chain 4: 
Chain 4: Gradient evaluation took 0.008614 seconds
Chain 4: 1000 transitions using 10 leapfrog steps per transition would take 86.14 seconds.
Chain 4: Adjust your expectations accordingly!
Chain 4: 
Chain 4: 
Chain 3: 
Chain 3: Gradient evaluation took 0.008996 seconds
Chain 3: 1000 transitions using 10 leapfrog steps per transition would take 89.96 seconds.
Chain 3: Adjust your expectations accordingly!
Chain 3: 
Chain 3: 
Chain 3: Iteration:     1 / 11000 [  0%]  (Warmup)
Chain 4: Iteration:     1 / 11000 [  0%]  (Warmup)
Chain 2: Iteration:     1 / 11000 [  0%]  (Warmup)
Chain 1: Iteration:     1 / 11000 [  0%]  (Warmup)
Chain 4: Iteration:  1001 / 11000 [  9%]  (Sampling)
Chain 2: Iteration:  1001 / 11000 [  9%]  (Sampling)
Chain 1: Iteration:  1001 / 11000 [  9%]  (Sampling)
Chain 3: Iteration:  1001 / 11000 [  9%]  (Sampling)
Chain 2: Iteration:  2100 / 11000 [ 19%]  (Sampling)
Chain 4: Iteration:  2100 / 11000 [ 19%]  (Sampling)
Chain 1: Iteration:  2100 / 11000 [ 19%]  (Sampling)
Chain 2: Iteration:  3200 / 11000 [ 29%]  (Sampling)
Chain 4: Iteration:  3200 / 11000 [ 29%]  (Sampling)
Chain 3: Iteration:  2100 / 11000 [ 19%]  (Sampling)
Chain 1: Iteration:  3200 / 11000 [ 29%]  (Sampling)
Chain 2: Iteration:  4300 / 11000 [ 39%]  (Sampling)
Chain 4: Iteration:  4300 / 11000 [ 39%]  (Sampling)
Chain 1: Iteration:  4300 / 11000 [ 39%]  (Sampling)
Chain 2: Iteration:  5400 / 11000 [ 49%]  (Sampling)
Chain 4: Iteration:  5400 / 11000 [ 49%]  (Sampling)
Chain 3: Iteration:  3200 / 11000 [ 29%]  (Sampling)
Chain 1: Iteration:  5400 / 11000 [ 49%]  (Sampling)
Chain 2: Iteration:  6500 / 11000 [ 59%]  (Sampling)
Chain 4: Iteration:  6500 / 11000 [ 59%]  (Sampling)
Chain 2: Iteration:  7600 / 11000 [ 69%]  (Sampling)
Chain 1: Iteration:  6500 / 11000 [ 59%]  (Sampling)
Chain 3: Iteration:  4300 / 11000 [ 39%]  (Sampling)
Chain 4: Iteration:  7600 / 11000 [ 69%]  (Sampling)
Chain 2: Iteration:  8700 / 11000 [ 79%]  (Sampling)
Chain 1: Iteration:  7600 / 11000 [ 69%]  (Sampling)
Chain 4: Iteration:  8700 / 11000 [ 79%]  (Sampling)
Chain 2: Iteration:  9800 / 11000 [ 89%]  (Sampling)
Chain 3: Iteration:  5400 / 11000 [ 49%]  (Sampling)
Chain 4: Iteration:  9800 / 11000 [ 89%]  (Sampling)
Chain 1: Iteration:  8700 / 11000 [ 79%]  (Sampling)
Chain 2: Iteration: 10900 / 11000 [ 99%]  (Sampling)
Chain 2: Iteration: 11000 / 11000 [100%]  (Sampling)
Chain 2: 
Chain 2:  Elapsed Time: 775.974 seconds (Warm-up)
Chain 2:                6139.5 seconds (Sampling)
Chain 2:                6915.48 seconds (Total)
Chain 2: 
Chain 4: Iteration: 10900 / 11000 [ 99%]  (Sampling)
Chain 1: Iteration:  9800 / 11000 [ 89%]  (Sampling)
Chain 4: Iteration: 11000 / 11000 [100%]  (Sampling)
Chain 4: 
Chain 4:  Elapsed Time: 719.382 seconds (Warm-up)
Chain 4:                6559.97 seconds (Sampling)
Chain 4:                7279.35 seconds (Total)
Chain 4: 
Chain 3: Iteration:  6500 / 11000 [ 59%]  (Sampling)
Chain 1: Iteration: 10900 / 11000 [ 99%]  (Sampling)
Chain 1: Iteration: 11000 / 11000 [100%]  (Sampling)
Chain 1: 
Chain 1:  Elapsed Time: 822.042 seconds (Warm-up)
Chain 1:                7249.5 seconds (Sampling)
Chain 1:                8071.54 seconds (Total)
Chain 1: 
Chain 3: Iteration:  7600 / 11000 [ 69%]  (Sampling)
Chain 3: Iteration:  8700 / 11000 [ 79%]  (Sampling)
Chain 3: Iteration:  9800 / 11000 [ 89%]  (Sampling)
Chain 3: Iteration: 10900 / 11000 [ 99%]  (Sampling)
Chain 3: Iteration: 11000 / 11000 [100%]  (Sampling)
Chain 3: 
Chain 3:  Elapsed Time: 847.604 seconds (Warm-up)
Chain 3:                12337 seconds (Sampling)
Chain 3:                13184.6 seconds (Total)
Chain 3: 
Warning messages:
1: There were 32047 divergent transitions after warmup. See
https://mc-stan.org/misc/warnings.html#divergent-transitions-after-warmup
to find out why this is a problem and how to eliminate them. 
2: Examine the pairs() plot to diagnose sampling problems
 
Inference for Stan model: DD-SVR-H.
4 chains, each with iter=11000; warmup=1000; thin=1; 
post-warmup draws per chain=10000, total post-warmup draws=40000.

     mean se_mean    sd   2.5%    25%    50%    75%  97.5% n_eff Rhat
km  -2.85    0.01  1.00  -4.79  -3.52  -2.85  -2.20  -0.90  8373    1
mm   5.16    0.00  0.15   4.82   5.07   5.18   5.28   5.42  2987    1
ks 281.01    0.96 45.93 191.81 249.59 281.10 312.13 370.86  2297    1
ms   0.15    0.00  0.07   0.04   0.10   0.14   0.19   0.31  1230    1

Samples were drawn using NUTS(diag_e) at Wed Mar  4 18:25:36 2026.
For each parameter, n_eff is a crude measure of effective sample size,
and Rhat is the potential scale reduction factor on split chains (at 
convergence, Rhat=1).
Summary saved.
            used   (Mb) gc trigger    (Mb)   max used    (Mb)
Ncells   1841561   98.4    4215026   225.2    4215026   225.2
Vcells 997298798 7608.8 3166270895 24156.8 4716474473 35983.9
Fit object freed from memory.
Warning message:
Some Pareto k diagnostic values are too high. See help('pareto-k-diagnostic') for details.
 

Computed from 40000 by 12288 log-likelihood matrix

         Estimate   SE
elpd_loo  -6914.5 49.2
p_loo        98.5  1.8
looic     13828.9 98.5
------
Monte Carlo SE of elpd_loo is NA.

Pareto k diagnostic values:
                         Count Pct.    Min. n_eff
(-Inf, 0.5]   (good)     12116 98.6%   1324      
 (0.5, 0.7]   (ok)          43  0.3%   13490     
   (0.7, 1]   (bad)         25  0.2%   11976     
   (1, Inf)   (very bad)   104  0.8%   7965      
See help('pareto-k-diagnostic') for details.

Computed from 40000 by 12288 log-likelihood matrix

          Estimate   SE
elpd_waic  -6914.4 49.2
p_waic        98.4  1.8
waic       13828.8 98.5
LOO and WAIC saved.
            used   (Mb) gc trigger    (Mb)   max used    (Mb)
Ncells   1834921   98.0    4215026   225.2    4215026   225.2
Vcells 505742608 3858.6 3654864172 27884.5 5710725268 43569.4
y_pred saved.
           used  (Mb) gc trigger    (Mb)   max used    (Mb)
Ncells  1834911  98.0    4215026   225.2    4215026   225.2
Vcells 14222598 108.6 2923891338 22307.6 5710725268 43569.4
Posterior saved.
=== Done: 3-DD-SVR-H ===
